running egg_info
creating ../build/hardware_checks/hardware_checks.egg-info
writing ../build/hardware_checks/hardware_checks.egg-info/PKG-INFO
writing dependency_links to ../build/hardware_checks/hardware_checks.egg-info/dependency_links.txt
writing entry points to ../build/hardware_checks/hardware_checks.egg-info/entry_points.txt
writing requirements to ../build/hardware_checks/hardware_checks.egg-info/requires.txt
writing top-level names to ../build/hardware_checks/hardware_checks.egg-info/top_level.txt
writing manifest file '../build/hardware_checks/hardware_checks.egg-info/SOURCES.txt'
reading manifest file '../build/hardware_checks/hardware_checks.egg-info/SOURCES.txt'
adding license file 'LICENSE'
writing manifest file '../build/hardware_checks/hardware_checks.egg-info/SOURCES.txt'
running build
running build_py
creating /home/aiden/turbopi_ws/src/build/hardware_checks/build
creating /home/aiden/turbopi_ws/src/build/hardware_checks/build/lib
creating /home/aiden/turbopi_ws/src/build/hardware_checks/build/lib/hardware_checks
copying hardware_checks/expansionboard_check.py -> /home/aiden/turbopi_ws/src/build/hardware_checks/build/lib/hardware_checks
copying hardware_checks/__init__.py -> /home/aiden/turbopi_ws/src/build/hardware_checks/build/lib/hardware_checks
running install
running install_lib
creating /home/aiden/turbopi_ws/src/install/hardware_checks/lib/python3.10/site-packages/hardware_checks
copying /home/aiden/turbopi_ws/src/build/hardware_checks/build/lib/hardware_checks/expansionboard_check.py -> /home/aiden/turbopi_ws/src/install/hardware_checks/lib/python3.10/site-packages/hardware_checks
copying /home/aiden/turbopi_ws/src/build/hardware_checks/build/lib/hardware_checks/__init__.py -> /home/aiden/turbopi_ws/src/install/hardware_checks/lib/python3.10/site-packages/hardware_checks
byte-compiling /home/aiden/turbopi_ws/src/install/hardware_checks/lib/python3.10/site-packages/hardware_checks/expansionboard_check.py to expansionboard_check.cpython-310.pyc
byte-compiling /home/aiden/turbopi_ws/src/install/hardware_checks/lib/python3.10/site-packages/hardware_checks/__init__.py to __init__.cpython-310.pyc
running install_data
creating /home/aiden/turbopi_ws/src/install/hardware_checks/share/ament_index
creating /home/aiden/turbopi_ws/src/install/hardware_checks/share/ament_index/resource_index
creating /home/aiden/turbopi_ws/src/install/hardware_checks/share/ament_index/resource_index/packages
copying resource/hardware_checks -> /home/aiden/turbopi_ws/src/install/hardware_checks/share/ament_index/resource_index/packages
copying package.xml -> /home/aiden/turbopi_ws/src/install/hardware_checks/share/hardware_checks
running install_egg_info
Copying ../build/hardware_checks/hardware_checks.egg-info to /home/aiden/turbopi_ws/src/install/hardware_checks/lib/python3.10/site-packages/hardware_checks-0.0.0-py3.10.egg-info
running install_scripts
Installing expansionboard_check script to /home/aiden/turbopi_ws/src/install/hardware_checks/lib/hardware_checks
writing list of installed files to '/home/aiden/turbopi_ws/src/build/hardware_checks/install.log'
