[1.164s] Invoking command in '/home/aiden/turbopi_ws/src/hardware_checks': PYTHONPATH=/home/aiden/turbopi_ws/src/build/hardware_checks/prefix_override:/usr/lib/python3/dist-packages/colcon_core/task/python/colcon_distutils_commands:/home/aiden/turbopi_ws/src/install/hardware_checks/lib/python3.10/site-packages:${PYTHONPATH} /usr/bin/python3 -W ignore:setup.py install is deprecated -W ignore:easy_install command is deprecated setup.py egg_info --egg-base ../build/hardware_checks build --build-base /home/aiden/turbopi_ws/src/build/hardware_checks/build install --record /home/aiden/turbopi_ws/src/build/hardware_checks/install.log --single-version-externally-managed install_data
[1.557s] running egg_info
[1.557s] creating ../build/hardware_checks/hardware_checks.egg-info
[1.557s] writing ../build/hardware_checks/hardware_checks.egg-info/PKG-INFO
[1.557s] writing dependency_links to ../build/hardware_checks/hardware_checks.egg-info/dependency_links.txt
[1.557s] writing entry points to ../build/hardware_checks/hardware_checks.egg-info/entry_points.txt
[1.558s] writing requirements to ../build/hardware_checks/hardware_checks.egg-info/requires.txt
[1.558s] writing top-level names to ../build/hardware_checks/hardware_checks.egg-info/top_level.txt
[1.558s] writing manifest file '../build/hardware_checks/hardware_checks.egg-info/SOURCES.txt'
[1.559s] reading manifest file '../build/hardware_checks/hardware_checks.egg-info/SOURCES.txt'
[1.559s] adding license file 'LICENSE'
[1.559s] writing manifest file '../build/hardware_checks/hardware_checks.egg-info/SOURCES.txt'
[1.559s] running build
[1.559s] running build_py
[1.560s] creating /home/aiden/turbopi_ws/src/build/hardware_checks/build
[1.560s] creating /home/aiden/turbopi_ws/src/build/hardware_checks/build/lib
[1.560s] creating /home/aiden/turbopi_ws/src/build/hardware_checks/build/lib/hardware_checks
[1.560s] copying hardware_checks/expansionboard_check.py -> /home/aiden/turbopi_ws/src/build/hardware_checks/build/lib/hardware_checks
[1.560s] copying hardware_checks/__init__.py -> /home/aiden/turbopi_ws/src/build/hardware_checks/build/lib/hardware_checks
[1.560s] running install
[1.560s] running install_lib
[1.560s] creating /home/aiden/turbopi_ws/src/install/hardware_checks/lib/python3.10/site-packages/hardware_checks
[1.560s] copying /home/aiden/turbopi_ws/src/build/hardware_checks/build/lib/hardware_checks/expansionboard_check.py -> /home/aiden/turbopi_ws/src/install/hardware_checks/lib/python3.10/site-packages/hardware_checks
[1.560s] copying /home/aiden/turbopi_ws/src/build/hardware_checks/build/lib/hardware_checks/__init__.py -> /home/aiden/turbopi_ws/src/install/hardware_checks/lib/python3.10/site-packages/hardware_checks
[1.562s] byte-compiling /home/aiden/turbopi_ws/src/install/hardware_checks/lib/python3.10/site-packages/hardware_checks/expansionboard_check.py to expansionboard_check.cpython-310.pyc
[1.563s] byte-compiling /home/aiden/turbopi_ws/src/install/hardware_checks/lib/python3.10/site-packages/hardware_checks/__init__.py to __init__.cpython-310.pyc
[1.563s] running install_data
[1.563s] creating /home/aiden/turbopi_ws/src/install/hardware_checks/share/ament_index
[1.563s] creating /home/aiden/turbopi_ws/src/install/hardware_checks/share/ament_index/resource_index
[1.563s] creating /home/aiden/turbopi_ws/src/install/hardware_checks/share/ament_index/resource_index/packages
[1.563s] copying resource/hardware_checks -> /home/aiden/turbopi_ws/src/install/hardware_checks/share/ament_index/resource_index/packages
[1.563s] copying package.xml -> /home/aiden/turbopi_ws/src/install/hardware_checks/share/hardware_checks
[1.563s] running install_egg_info
[1.565s] Copying ../build/hardware_checks/hardware_checks.egg-info to /home/aiden/turbopi_ws/src/install/hardware_checks/lib/python3.10/site-packages/hardware_checks-0.0.0-py3.10.egg-info
[1.566s] running install_scripts
[1.595s] Installing expansionboard_check script to /home/aiden/turbopi_ws/src/install/hardware_checks/lib/hardware_checks
[1.595s] writing list of installed files to '/home/aiden/turbopi_ws/src/build/hardware_checks/install.log'
[1.610s] Invoked command in '/home/aiden/turbopi_ws/src/hardware_checks' returned '0': PYTHONPATH=/home/aiden/turbopi_ws/src/build/hardware_checks/prefix_override:/usr/lib/python3/dist-packages/colcon_core/task/python/colcon_distutils_commands:/home/aiden/turbopi_ws/src/install/hardware_checks/lib/python3.10/site-packages:${PYTHONPATH} /usr/bin/python3 -W ignore:setup.py install is deprecated -W ignore:easy_install command is deprecated setup.py egg_info --egg-base ../build/hardware_checks build --build-base /home/aiden/turbopi_ws/src/build/hardware_checks/build install --record /home/aiden/turbopi_ws/src/build/hardware_checks/install.log --single-version-externally-managed install_data
